==105671== drd, a thread error detector
==105671== Copyright (C) 2006-2024, and GNU GPL'd, by Bart Van Assche et al.
==105671== Using Valgrind-3.25.0 and LibVEX; rerun with -h for copyright info
==105671== Command: ./build/render 200 200 50 output.ppm 5 0 1
==105671== Parent PID: 105668
==105671== 
==105671== Thread 10:
==105671== Conflicting load by thread 10 at 0x1ffefff260 size 8
==105671==    at 0x400A058: render(double, double, std::vector<Object*, std::allocator<Object*> > const&, char*, Vec3 const&, Vec3 const&, Vec3 const&, double, int, int, int) [clone ._omp_fn.0] (in /home/Amine/Documents/Cours/PPN/ProjectM1PathTracing/build/render)
==105671==    by 0x48E0A36: gomp_thread_start (team.c:129)
==105671==    by 0x486909A: vgDrd_thread_wrapper (drd_pthread_intercepts.c:512)
==105671==    by 0x4D637EA: start_thread (pthread_create.c:448)
==105671==    by 0x4DE6FB3: clone (clone.S:100)
==105671== Allocation context: unknown.
==105671== Other segment start (thread 13)
==105671==    at 0x4868C7E: __cxa_guard_abort_release_intercept (drd_libstdcxx_intercepts.c:97)
==105671==    by 0x4868C7E: __cxa_guard_release (drd_libstdcxx_intercepts.c:104)
==105671==    by 0x4003E1F: randomDouble() (in /home/Amine/Documents/Cours/PPN/ProjectM1PathTracing/build/render)
==105671==    by 0x400A57B: render(double, double, std::vector<Object*, std::allocator<Object*> > const&, char*, Vec3 const&, Vec3 const&, Vec3 const&, double, int, int, int) [clone ._omp_fn.2] (in /home/Amine/Documents/Cours/PPN/ProjectM1PathTracing/build/render)
==105671==    by 0x48DA1B3: gomp_barrier_handle_tasks (task.c:1650)
==105671==    by 0x48E3D03: gomp_team_barrier_wait_end (bar.c:95)
==105671==    by 0x48E244B: gomp_team_end (team.c:957)
==105671==    by 0x400A096: render(double, double, std::vector<Object*, std::allocator<Object*> > const&, char*, Vec3 const&, Vec3 const&, Vec3 const&, double, int, int, int) [clone ._omp_fn.0] (in /home/Amine/Documents/Cours/PPN/ProjectM1PathTracing/build/render)
==105671==    by 0x48E0A36: gomp_thread_start (team.c:129)
==105671==    by 0x486909A: vgDrd_thread_wrapper (drd_pthread_intercepts.c:512)
==105671==    by 0x4D637EA: start_thread (pthread_create.c:448)
==105671==    by 0x4DE6FB3: clone (clone.S:100)
==105671== Other segment end (thread 13)
==105671==    at 0x48E3A91: futex_wake (futex.h:111)
==105671==    by 0x48E3A91: gomp_barrier_wait_end (bar.c:43)
==105671==    by 0x48E3A91: gomp_barrier_wait_end (bar.c:35)
==105671==    by 0x48E25BD: gomp_team_end (team.c:988)
==105671==    by 0x400A096: render(double, double, std::vector<Object*, std::allocator<Object*> > const&, char*, Vec3 const&, Vec3 const&, Vec3 const&, double, int, int, int) [clone ._omp_fn.0] (in /home/Amine/Documents/Cours/PPN/ProjectM1PathTracing/build/render)
==105671==    by 0x48E0A36: gomp_thread_start (team.c:129)
==105671==    by 0x486909A: vgDrd_thread_wrapper (drd_pthread_intercepts.c:512)
==105671==    by 0x4D637EA: start_thread (pthread_create.c:448)
==105671==    by 0x4DE6FB3: clone (clone.S:100)
==105671== 
==105671== Conflicting load by thread 10 at 0x04013598 size 8
==105671==    at 0x4004410: std::linear_congruential_engine<unsigned long, 16807ul, 0ul, 2147483647ul>::operator()() (in /home/Amine/Documents/Cours/PPN/ProjectM1PathTracing/build/render)
==105671==    by 0x40042F0: double std::generate_canonical<double, 53ul, std::linear_congruential_engine<unsigned long, 16807ul, 0ul, 2147483647ul> >(std::linear_congruential_engine<unsigned long, 16807ul, 0ul, 2147483647ul>&) (in /home/Amine/Documents/Cours/PPN/ProjectM1PathTracing/build/render)
==105671==    by 0x4004128: std::__detail::_Adaptor<std::linear_congruential_engine<unsigned long, 16807ul, 0ul, 2147483647ul>, double>::operator()() (in /home/Amine/Documents/Cours/PPN/ProjectM1PathTracing/build/render)
==105671==    by 0x400402E: double std::uniform_real_distribution<double>::operator()<std::linear_congruential_engine<unsigned long, 16807ul, 0ul, 2147483647ul> >(std::linear_congruential_engine<unsigned long, 16807ul, 0ul, 2147483647ul>&, std::uniform_real_distribution<double>::param_type const&) (in /home/Amine/Documents/Cours/PPN/ProjectM1PathTracing/build/render)
==105671==    by 0x4003F48: double std::uniform_real_distribution<double>::operator()<std::linear_congruential_engine<unsigned long, 16807ul, 0ul, 2147483647ul> >(std::linear_congruential_engine<unsigned long, 16807ul, 0ul, 2147483647ul>&) (in /home/Amine/Documents/Cours/PPN/ProjectM1PathTracing/build/render)
==105671==    by 0x4003E38: randomDouble() (in /home/Amine/Documents/Cours/PPN/ProjectM1PathTracing/build/render)
==105671==    by 0x400A57B: render(double, double, std::vector<Object*, std::allocator<Object*> > const&, char*, Vec3 const&, Vec3 const&, Vec3 const&, double, int, int, int) [clone ._omp_fn.2] (in /home/Amine/Documents/Cours/PPN/ProjectM1PathTracing/build/render)
==105671==    by 0x48DA1B3: gomp_barrier_handle_tasks (task.c:1650)
==105671==    by 0x48E3D03: gomp_team_barrier_wait_end (bar.c:95)
==105671==    by 0x48E244B: gomp_team_end (team.c:957)
==105671==    by 0x400A096: render(double, double, std::vector<Object*, std::allocator<Object*> > const&, char*, Vec3 const&, Vec3 const&, Vec3 const&, double, int, int, int) [clone ._omp_fn.0] (in /home/Amine/Documents/Cours/PPN/ProjectM1PathTracing/build/render)
==105671==    by 0x48E0A36: gomp_thread_start (team.c:129)
==105671== Allocation context: BSS section of /home/Amine/Documents/Cours/PPN/ProjectM1PathTracing/build/render
==105671== Other segment start (thread 13)
==105671==    at 0x4868C7E: __cxa_guard_abort_release_intercept (drd_libstdcxx_intercepts.c:97)
==105671==    by 0x4868C7E: __cxa_guard_release (drd_libstdcxx_intercepts.c:104)
==105671==    by 0x4003E1F: randomDouble() (in /home/Amine/Documents/Cours/PPN/ProjectM1PathTracing/build/render)
==105671==    by 0x400A57B: render(double, double, std::vector<Object*, std::allocator<Object*> > const&, char*, Vec3 const&, Vec3 const&, Vec3 const&, double, int, int, int) [clone ._omp_fn.2] (in /home/Amine/Documents/Cours/PPN/ProjectM1PathTracing/build/render)
==105671==    by 0x48DA1B3: gomp_barrier_handle_tasks (task.c:1650)
==105671==    by 0x48E3D03: gomp_team_barrier_wait_end (bar.c:95)
==105671==    by 0x48E244B: gomp_team_end (team.c:957)
==105671==    by 0x400A096: render(double, double, std::vector<Object*, std::allocator<Object*> > const&, char*, Vec3 const&, Vec3 const&, Vec3 const&, double, int, int, int) [clone ._omp_fn.0] (in /home/Amine/Documents/Cours/PPN/ProjectM1PathTracing/build/render)
==105671==    by 0x48E0A36: gomp_thread_start (team.c:129)
==105671==    by 0x486909A: vgDrd_thread_wrapper (drd_pthread_intercepts.c:512)
==105671==    by 0x4D637EA: start_thread (pthread_create.c:448)
==105671==    by 0x4DE6FB3: clone (clone.S:100)
==105671== Other segment end (thread 13)
==105671==    at 0x48E3A91: futex_wake (futex.h:111)
==105671==    by 0x48E3A91: gomp_barrier_wait_end (bar.c:43)
==105671==    by 0x48E3A91: gomp_barrier_wait_end (bar.c:35)
==105671==    by 0x48E25BD: gomp_team_end (team.c:988)
==105671==    by 0x400A096: render(double, double, std::vector<Object*, std::allocator<Object*> > const&, char*, Vec3 const&, Vec3 const&, Vec3 const&, double, int, int, int) [clone ._omp_fn.0] (in /home/Amine/Documents/Cours/PPN/ProjectM1PathTracing/build/render)
==105671==    by 0x48E0A36: gomp_thread_start (team.c:129)
==105671==    by 0x486909A: vgDrd_thread_wrapper (drd_pthread_intercepts.c:512)
==105671==    by 0x4D637EA: start_thread (pthread_create.c:448)
==105671==    by 0x4DE6FB3: clone (clone.S:100)
==105671== Other segment start (thread 13)
==105671==    at 0x48688C7: __cxa_guard_acquire_intercept (drd_libstdcxx_intercepts.c:75)
==105671==    by 0x48688C7: __cxa_guard_acquire (drd_libstdcxx_intercepts.c:86)
==105671==    by 0x4003DF2: randomDouble() (in /home/Amine/Documents/Cours/PPN/ProjectM1PathTracing/build/render)
==105671==    by 0x400A57B: render(double, double, std::vector<Object*, std::allocator<Object*> > const&, char*, Vec3 const&, Vec3 const&, Vec3 const&, double, int, int, int) [clone ._omp_fn.2] (in /home/Amine/Documents/Cours/PPN/ProjectM1PathTracing/build/render)
==105671==    by 0x48DA1B3: gomp_barrier_handle_tasks (task.c:1650)
==105671==    by 0x48E3D03: gomp_team_barrier_wait_end (bar.c:95)
==105671==    by 0x48E244B: gomp_team_end (team.c:957)
==105671==    by 0x400A096: render(double, double, std::vector<Object*, std::allocator<Object*> > const&, char*, Vec3 const&, Vec3 const&, Vec3 const&, double, int, int, int) [clone ._omp_fn.0] (in /home/Amine/Documents/Cours/PPN/ProjectM1PathTracing/build/render)
==105671==    by 0x48E0A36: gomp_thread_start (team.c:129)
==105671==    by 0x486909A: vgDrd_thread_wrapper (drd_pthread_intercepts.c:512)
==105671==    by 0x4D637EA: start_thread (pthread_create.c:448)
==105671==    by 0x4DE6FB3: clone (clone.S:100)
==105671== Other segment end (thread 13)
==105671==    at 0x4868C7E: __cxa_guard_abort_release_intercept (drd_libstdcxx_intercepts.c:97)
==105671==    by 0x4868C7E: __cxa_guard_release (drd_libstdcxx_intercepts.c:104)
==105671==    by 0x4003E1F: randomDouble() (in /home/Amine/Documents/Cours/PPN/ProjectM1PathTracing/build/render)
==105671==    by 0x400A57B: render(double, double, std::vector<Object*, std::allocator<Object*> > const&, char*, Vec3 const&, Vec3 const&, Vec3 const&, double, int, int, int) [clone ._omp_fn.2] (in /home/Amine/Documents/Cours/PPN/ProjectM1PathTracing/build/render)
==105671==    by 0x48DA1B3: gomp_barrier_handle_tasks (task.c:1650)
==105671==    by 0x48E3D03: gomp_team_barrier_wait_end (bar.c:95)
==105671==    by 0x48E244B: gomp_team_end (team.c:957)
==105671==    by 0x400A096: render(double, double, std::vector<Object*, std::allocator<Object*> > const&, char*, Vec3 const&, Vec3 const&, Vec3 const&, double, int, int, int) [clone ._omp_fn.0] (in /home/Amine/Documents/Cours/PPN/ProjectM1PathTracing/build/render)
==105671==    by 0x48E0A36: gomp_thread_start (team.c:129)
==105671==    by 0x486909A: vgDrd_thread_wrapper (drd_pthread_intercepts.c:512)
==105671==    by 0x4D637EA: start_thread (pthread_create.c:448)
==105671==    by 0x4DE6FB3: clone (clone.S:100)
==105671== 
==105671== Conflicting store by thread 10 at 0x04013598 size 8
==105671==    at 0x400441F: std::linear_congruential_engine<unsigned long, 16807ul, 0ul, 2147483647ul>::operator()() (in /home/Amine/Documents/Cours/PPN/ProjectM1PathTracing/build/render)
==105671==    by 0x40042F0: double std::generate_canonical<double, 53ul, std::linear_congruential_engine<unsigned long, 16807ul, 0ul, 2147483647ul> >(std::linear_congruential_engine<unsigned long, 16807ul, 0ul, 2147483647ul>&) (in /home/Amine/Documents/Cours/PPN/ProjectM1PathTracing/build/render)
==105671==    by 0x4004128: std::__detail::_Adaptor<std::linear_congruential_engine<unsigned long, 16807ul, 0ul, 2147483647ul>, double>::operator()() (in /home/Amine/Documents/Cours/PPN/ProjectM1PathTracing/build/render)
==105671==    by 0x400402E: double std::uniform_real_distribution<double>::operator()<std::linear_congruential_engine<unsigned long, 16807ul, 0ul, 2147483647ul> >(std::linear_congruential_engine<unsigned long, 16807ul, 0ul, 2147483647ul>&, std::uniform_real_distribution<double>::param_type const&) (in /home/Amine/Documents/Cours/PPN/ProjectM1PathTracing/build/render)
==105671==    by 0x4003F48: double std::uniform_real_distribution<double>::operator()<std::linear_congruential_engine<unsigned long, 16807ul, 0ul, 2147483647ul> >(std::linear_congruential_engine<unsigned long, 16807ul, 0ul, 2147483647ul>&) (in /home/Amine/Documents/Cours/PPN/ProjectM1PathTracing/build/render)
==105671==    by 0x4003E38: randomDouble() (in /home/Amine/Documents/Cours/PPN/ProjectM1PathTracing/build/render)
==105671==    by 0x400A57B: render(double, double, std::vector<Object*, std::allocator<Object*> > const&, char*, Vec3 const&, Vec3 const&, Vec3 const&, double, int, int, int) [clone ._omp_fn.2] (in /home/Amine/Documents/Cours/PPN/ProjectM1PathTracing/build/render)
==105671==    by 0x48DA1B3: gomp_barrier_handle_tasks (task.c:1650)
==105671==    by 0x48E3D03: gomp_team_barrier_wait_end (bar.c:95)
==105671==    by 0x48E244B: gomp_team_end (team.c:957)
==105671==    by 0x400A096: render(double, double, std::vector<Object*, std::allocator<Object*> > const&, char*, Vec3 const&, Vec3 const&, Vec3 const&, double, int, int, int) [clone ._omp_fn.0] (in /home/Amine/Documents/Cours/PPN/ProjectM1PathTracing/build/render)
==105671==    by 0x48E0A36: gomp_thread_start (team.c:129)
==105671== Allocation context: BSS section of /home/Amine/Documents/Cours/PPN/ProjectM1PathTracing/build/render
==105671== Other segment start (thread 13)
==105671==    at 0x4868C7E: __cxa_guard_abort_release_intercept (drd_libstdcxx_intercepts.c:97)
==105671==    by 0x4868C7E: __cxa_guard_release (drd_libstdcxx_intercepts.c:104)
==105671==    by 0x4003E1F: randomDouble() (in /home/Amine/Documents/Cours/PPN/ProjectM1PathTracing/build/render)
==105671==    by 0x400A57B: render(double, double, std::vector<Object*, std::allocator<Object*> > const&, char*, Vec3 const&, Vec3 const&, Vec3 const&, double, int, int, int) [clone ._omp_fn.2] (in /home/Amine/Documents/Cours/PPN/ProjectM1PathTracing/build/render)
==105671==    by 0x48DA1B3: gomp_barrier_handle_tasks (task.c:1650)
==105671==    by 0x48E3D03: gomp_team_barrier_wait_end (bar.c:95)
==105671==    by 0x48E244B: gomp_team_end (team.c:957)
==105671==    by 0x400A096: render(double, double, std::vector<Object*, std::allocator<Object*> > const&, char*, Vec3 const&, Vec3 const&, Vec3 const&, double, int, int, int) [clone ._omp_fn.0] (in /home/Amine/Documents/Cours/PPN/ProjectM1PathTracing/build/render)
==105671==    by 0x48E0A36: gomp_thread_start (team.c:129)
==105671==    by 0x486909A: vgDrd_thread_wrapper (drd_pthread_intercepts.c:512)
==105671==    by 0x4D637EA: start_thread (pthread_create.c:448)
==105671==    by 0x4DE6FB3: clone (clone.S:100)
==105671== Other segment end (thread 13)
==105671==    at 0x48E3A91: futex_wake (futex.h:111)
==105671==    by 0x48E3A91: gomp_barrier_wait_end (bar.c:43)
==105671==    by 0x48E3A91: gomp_barrier_wait_end (bar.c:35)
==105671==    by 0x48E25BD: gomp_team_end (team.c:988)
==105671==    by 0x400A096: render(double, double, std::vector<Object*, std::allocator<Object*> > const&, char*, Vec3 const&, Vec3 const&, Vec3 const&, double, int, int, int) [clone ._omp_fn.0] (in /home/Amine/Documents/Cours/PPN/ProjectM1PathTracing/build/render)
==105671==    by 0x48E0A36: gomp_thread_start (team.c:129)
==105671==    by 0x486909A: vgDrd_thread_wrapper (drd_pthread_intercepts.c:512)
==105671==    by 0x4D637EA: start_thread (pthread_create.c:448)
==105671==    by 0x4DE6FB3: clone (clone.S:100)
==105671== Other segment start (thread 13)
==105671==    at 0x48688C7: __cxa_guard_acquire_intercept (drd_libstdcxx_intercepts.c:75)
==105671==    by 0x48688C7: __cxa_guard_acquire (drd_libstdcxx_intercepts.c:86)
==105671==    by 0x4003DF2: randomDouble() (in /home/Amine/Documents/Cours/PPN/ProjectM1PathTracing/build/render)
==105671==    by 0x400A57B: render(double, double, std::vector<Object*, std::allocator<Object*> > const&, char*, Vec3 const&, Vec3 const&, Vec3 const&, double, int, int, int) [clone ._omp_fn.2] (in /home/Amine/Documents/Cours/PPN/ProjectM1PathTracing/build/render)
==105671==    by 0x48DA1B3: gomp_barrier_handle_tasks (task.c:1650)
==105671==    by 0x48E3D03: gomp_team_barrier_wait_end (bar.c:95)
==105671==    by 0x48E244B: gomp_team_end (team.c:957)
==105671==    by 0x400A096: render(double, double, std::vector<Object*, std::allocator<Object*> > const&, char*, Vec3 const&, Vec3 const&, Vec3 const&, double, int, int, int) [clone ._omp_fn.0] (in /home/Amine/Documents/Cours/PPN/ProjectM1PathTracing/build/render)
==105671==    by 0x48E0A36: gomp_thread_start (team.c:129)
==105671==    by 0x486909A: vgDrd_thread_wrapper (drd_pthread_intercepts.c:512)
==105671==    by 0x4D637EA: start_thread (pthread_create.c:448)
==105671==    by 0x4DE6FB3: clone (clone.S:100)
==105671== Other segment end (thread 13)
==105671==    at 0x4868C7E: __cxa_guard_abort_release_intercept (drd_libstdcxx_intercepts.c:97)
==105671==    by 0x4868C7E: __cxa_guard_release (drd_libstdcxx_intercepts.c:104)
==105671==    by 0x4003E1F: randomDouble() (in /home/Amine/Documents/Cours/PPN/ProjectM1PathTracing/build/render)
==105671==    by 0x400A57B: render(double, double, std::vector<Object*, std::allocator<Object*> > const&, char*, Vec3 const&, Vec3 const&, Vec3 const&, double, int, int, int) [clone ._omp_fn.2] (in /home/Amine/Documents/Cours/PPN/ProjectM1PathTracing/build/render)
==105671==    by 0x48DA1B3: gomp_barrier_handle_tasks (task.c:1650)
==105671==    by 0x48E3D03: gomp_team_barrier_wait_end (bar.c:95)
==105671==    by 0x48E244B: gomp_team_end (team.c:957)
==105671==    by 0x400A096: render(double, double, std::vector<Object*, std::allocator<Object*> > const&, char*, Vec3 const&, Vec3 const&, Vec3 const&, double, int, int, int) [clone ._omp_fn.0] (in /home/Amine/Documents/Cours/PPN/ProjectM1PathTracing/build/render)
==105671==    by 0x48E0A36: gomp_thread_start (team.c:129)
==105671==    by 0x486909A: vgDrd_thread_wrapper (drd_pthread_intercepts.c:512)
==105671==    by 0x4D637EA: start_thread (pthread_create.c:448)
==105671==    by 0x4DE6FB3: clone (clone.S:100)
==105671== 
==105671== Conflicting load by thread 10 at 0x04013598 size 8
==105671==    at 0x4004426: std::linear_congruential_engine<unsigned long, 16807ul, 0ul, 2147483647ul>::operator()() (in /home/Amine/Documents/Cours/PPN/ProjectM1PathTracing/build/render)
==105671==    by 0x40042F0: double std::generate_canonical<double, 53ul, std::linear_congruential_engine<unsigned long, 16807ul, 0ul, 2147483647ul> >(std::linear_congruential_engine<unsigned long, 16807ul, 0ul, 2147483647ul>&) (in /home/Amine/Documents/Cours/PPN/ProjectM1PathTracing/build/render)
==105671==    by 0x4004128: std::__detail::_Adaptor<std::linear_congruential_engine<unsigned long, 16807ul, 0ul, 2147483647ul>, double>::operator()() (in /home/Amine/Documents/Cours/PPN/ProjectM1PathTracing/build/render)
==105671==    by 0x400402E: double std::uniform_real_distribution<double>::operator()<std::linear_congruential_engine<unsigned long, 16807ul, 0ul, 2147483647ul> >(std::linear_congruential_engine<unsigned long, 16807ul, 0ul, 2147483647ul>&, std::uniform_real_distribution<double>::param_type const&) (in /home/Amine/Documents/Cours/PPN/ProjectM1PathTracing/build/render)
==105671==    by 0x4003F48: double std::uniform_real_distribution<double>::operator()<std::linear_congruential_engine<unsigned long, 16807ul, 0ul, 2147483647ul> >(std::linear_congruential_engine<unsigned long, 16807ul, 0ul, 2147483647ul>&) (in /home/Amine/Documents/Cours/PPN/ProjectM1PathTracing/build/render)
==105671==    by 0x4003E38: randomDouble() (in /home/Amine/Documents/Cours/PPN/ProjectM1PathTracing/build/render)
==105671==    by 0x400A57B: render(double, double, std::vector<Object*, std::allocator<Object*> > const&, char*, Vec3 const&, Vec3 const&, Vec3 const&, double, int, int, int) [clone ._omp_fn.2] (in /home/Amine/Documents/Cours/PPN/ProjectM1PathTracing/build/render)
==105671==    by 0x48DA1B3: gomp_barrier_handle_tasks (task.c:1650)
==105671==    by 0x48E3D03: gomp_team_barrier_wait_end (bar.c:95)
==105671==    by 0x48E244B: gomp_team_end (team.c:957)
==105671==    by 0x400A096: render(double, double, std::vector<Object*, std::allocator<Object*> > const&, char*, Vec3 const&, Vec3 const&, Vec3 const&, double, int, int, int) [clone ._omp_fn.0] (in /home/Amine/Documents/Cours/PPN/ProjectM1PathTracing/build/render)
==105671==    by 0x48E0A36: gomp_thread_start (team.c:129)
==105671== Allocation context: BSS section of /home/Amine/Documents/Cours/PPN/ProjectM1PathTracing/build/render
==105671== Other segment start (thread 13)
==105671==    at 0x4868C7E: __cxa_guard_abort_release_intercept (drd_libstdcxx_intercepts.c:97)
==105671==    by 0x4868C7E: __cxa_guard_release (drd_libstdcxx_intercepts.c:104)
==105671==    by 0x4003E1F: randomDouble() (in /home/Amine/Documents/Cours/PPN/ProjectM1PathTracing/build/render)
==105671==    by 0x400A57B: render(double, double, std::vector<Object*, std::allocator<Object*> > const&, char*, Vec3 const&, Vec3 const&, Vec3 const&, double, int, int, int) [clone ._omp_fn.2] (in /home/Amine/Documents/Cours/PPN/ProjectM1PathTracing/build/render)
==105671==    by 0x48DA1B3: gomp_barrier_handle_tasks (task.c:1650)
==105671==    by 0x48E3D03: gomp_team_barrier_wait_end (bar.c:95)
==105671==    by 0x48E244B: gomp_team_end (team.c:957)
==105671==    by 0x400A096: render(double, double, std::vector<Object*, std::allocator<Object*> > const&, char*, Vec3 const&, Vec3 const&, Vec3 const&, double, int, int, int) [clone ._omp_fn.0] (in /home/Amine/Documents/Cours/PPN/ProjectM1PathTracing/build/render)
==105671==    by 0x48E0A36: gomp_thread_start (team.c:129)
==105671==    by 0x486909A: vgDrd_thread_wrapper (drd_pthread_intercepts.c:512)
==105671==    by 0x4D637EA: start_thread (pthread_create.c:448)
==105671==    by 0x4DE6FB3: clone (clone.S:100)
==105671== Other segment end (thread 13)
==105671==    at 0x48E3A91: futex_wake (futex.h:111)
==105671==    by 0x48E3A91: gomp_barrier_wait_end (bar.c:43)
==105671==    by 0x48E3A91: gomp_barrier_wait_end (bar.c:35)
==105671==    by 0x48E25BD: gomp_team_end (team.c:988)
==105671==    by 0x400A096: render(double, double, std::vector<Object*, std::allocator<Object*> > const&, char*, Vec3 const&, Vec3 const&, Vec3 const&, double, int, int, int) [clone ._omp_fn.0] (in /home/Amine/Documents/Cours/PPN/ProjectM1PathTracing/build/render)
==105671==    by 0x48E0A36: gomp_thread_start (team.c:129)
==105671==    by 0x486909A: vgDrd_thread_wrapper (drd_pthread_intercepts.c:512)
==105671==    by 0x4D637EA: start_thread (pthread_create.c:448)
==105671==    by 0x4DE6FB3: clone (clone.S:100)
==105671== Other segment start (thread 13)
==105671==    at 0x48688C7: __cxa_guard_acquire_intercept (drd_libstdcxx_intercepts.c:75)
==105671==    by 0x48688C7: __cxa_guard_acquire (drd_libstdcxx_intercepts.c:86)
==105671==    by 0x4003DF2: randomDouble() (in /home/Amine/Documents/Cours/PPN/ProjectM1PathTracing/build/render)
==105671==    by 0x400A57B: render(double, double, std::vector<Object*, std::allocator<Object*> > const&, char*, Vec3 const&, Vec3 const&, Vec3 const&, double, int, int, int) [clone ._omp_fn.2] (in /home/Amine/Documents/Cours/PPN/ProjectM1PathTracing/build/render)
==105671==    by 0x48DA1B3: gomp_barrier_handle_tasks (task.c:1650)
==105671==    by 0x48E3D03: gomp_team_barrier_wait_end (bar.c:95)
==105671==    by 0x48E244B: gomp_team_end (team.c:957)
==105671==    by 0x400A096: render(double, double, std::vector<Object*, std::allocator<Object*> > const&, char*, Vec3 const&, Vec3 const&, Vec3 const&, double, int, int, int) [clone ._omp_fn.0] (in /home/Amine/Documents/Cours/PPN/ProjectM1PathTracing/build/render)
==105671==    by 0x48E0A36: gomp_thread_start (team.c:129)
==105671==    by 0x486909A: vgDrd_thread_wrapper (drd_pthread_intercepts.c:512)
==105671==    by 0x4D637EA: start_thread (pthread_create.c:448)
==105671==    by 0x4DE6FB3: clone (clone.S:100)
==105671== Other segment end (thread 13)
==105671==    at 0x4868C7E: __cxa_guard_abort_release_intercept (drd_libstdcxx_intercepts.c:97)
==105671==    by 0x4868C7E: __cxa_guard_release (drd_libstdcxx_intercepts.c:104)
==105671==    by 0x4003E1F: randomDouble() (in /home/Amine/Documents/Cours/PPN/ProjectM1PathTracing/build/render)
==105671==    by 0x400A57B: render(double, double, std::vector<Object*, std::allocator<Object*> > const&, char*, Vec3 const&, Vec3 const&, Vec3 const&, double, int, int, int) [clone ._omp_fn.2] (in /home/Amine/Documents/Cours/PPN/ProjectM1PathTracing/build/render)
==105671==    by 0x48DA1B3: gomp_barrier_handle_tasks (task.c:1650)
==105671==    by 0x48E3D03: gomp_team_barrier_wait_end (bar.c:95)
==105671==    by 0x48E244B: gomp_team_end (team.c:957)
==105671==    by 0x400A096: render(double, double, std::vector<Object*, std::allocator<Object*> > const&, char*, Vec3 const&, Vec3 const&, Vec3 const&, double, int, int, int) [clone ._omp_fn.0] (in /home/Amine/Documents/Cours/PPN/ProjectM1PathTracing/build/render)
==105671==    by 0x48E0A36: gomp_thread_start (team.c:129)
==105671==    by 0x486909A: vgDrd_thread_wrapper (drd_pthread_intercepts.c:512)
==105671==    by 0x4D637EA: start_thread (pthread_create.c:448)
==105671==    by 0x4DE6FB3: clone (clone.S:100)
==105671== 
==105671== Conflicting load by thread 10 at 0x04013588 size 8
==105671==    at 0x4004138: std::uniform_real_distribution<double>::param_type::b() const (in /home/Amine/Documents/Cours/PPN/ProjectM1PathTracing/build/render)
==105671==    by 0x400403F: double std::uniform_real_distribution<double>::operator()<std::linear_congruential_engine<unsigned long, 16807ul, 0ul, 2147483647ul> >(std::linear_congruential_engine<unsigned long, 16807ul, 0ul, 2147483647ul>&, std::uniform_real_distribution<double>::param_type const&) (in /home/Amine/Documents/Cours/PPN/ProjectM1PathTracing/build/render)
==105671==    by 0x4003F48: double std::uniform_real_distribution<double>::operator()<std::linear_congruential_engine<unsigned long, 16807ul, 0ul, 2147483647ul> >(std::linear_congruential_engine<unsigned long, 16807ul, 0ul, 2147483647ul>&) (in /home/Amine/Documents/Cours/PPN/ProjectM1PathTracing/build/render)
==105671==    by 0x4003E38: randomDouble() (in /home/Amine/Documents/Cours/PPN/ProjectM1PathTracing/build/render)
==105671==    by 0x400A57B: render(double, double, std::vector<Object*, std::allocator<Object*> > const&, char*, Vec3 const&, Vec3 const&, Vec3 const&, double, int, int, int) [clone ._omp_fn.2] (in /home/Amine/Documents/Cours/PPN/ProjectM1PathTracing/build/render)
==105671==    by 0x48DA1B3: gomp_barrier_handle_tasks (task.c:1650)
==105671==    by 0x48E3D03: gomp_team_barrier_wait_end (bar.c:95)
==105671==    by 0x48E244B: gomp_team_end (team.c:957)
==105671==    by 0x400A096: render(double, double, std::vector<Object*, std::allocator<Object*> > const&, char*, Vec3 const&, Vec3 const&, Vec3 const&, double, int, int, int) [clone ._omp_fn.0] (in /home/Amine/Documents/Cours/PPN/ProjectM1PathTracing/build/render)
==105671==    by 0x48E0A36: gomp_thread_start (team.c:129)
==105671==    by 0x486909A: vgDrd_thread_wrapper (drd_pthread_intercepts.c:512)
==105671==    by 0x4D637EA: start_thread (pthread_create.c:448)
==105671== Allocation context: BSS section of /home/Amine/Documents/Cours/PPN/ProjectM1PathTracing/build/render
==105671== Other segment start (thread 13)
==105671==    at 0x48688C7: __cxa_guard_acquire_intercept (drd_libstdcxx_intercepts.c:75)
==105671==    by 0x48688C7: __cxa_guard_acquire (drd_libstdcxx_intercepts.c:86)
==105671==    by 0x4003D8E: randomDouble() (in /home/Amine/Documents/Cours/PPN/ProjectM1PathTracing/build/render)
==105671==    by 0x400A57B: render(double, double, std::vector<Object*, std::allocator<Object*> > const&, char*, Vec3 const&, Vec3 const&, Vec3 const&, double, int, int, int) [clone ._omp_fn.2] (in /home/Amine/Documents/Cours/PPN/ProjectM1PathTracing/build/render)
==105671==    by 0x48DA1B3: gomp_barrier_handle_tasks (task.c:1650)
==105671==    by 0x48E3D03: gomp_team_barrier_wait_end (bar.c:95)
==105671==    by 0x48E244B: gomp_team_end (team.c:957)
==105671==    by 0x400A096: render(double, double, std::vector<Object*, std::allocator<Object*> > const&, char*, Vec3 const&, Vec3 const&, Vec3 const&, double, int, int, int) [clone ._omp_fn.0] (in /home/Amine/Documents/Cours/PPN/ProjectM1PathTracing/build/render)
==105671==    by 0x48E0A36: gomp_thread_start (team.c:129)
==105671==    by 0x486909A: vgDrd_thread_wrapper (drd_pthread_intercepts.c:512)
==105671==    by 0x4D637EA: start_thread (pthread_create.c:448)
==105671==    by 0x4DE6FB3: clone (clone.S:100)
==105671== Other segment end (thread 13)
==105671==    at 0x4868C7E: __cxa_guard_abort_release_intercept (drd_libstdcxx_intercepts.c:97)
==105671==    by 0x4868C7E: __cxa_guard_release (drd_libstdcxx_intercepts.c:104)
==105671==    by 0x4003DD3: randomDouble() (in /home/Amine/Documents/Cours/PPN/ProjectM1PathTracing/build/render)
==105671==    by 0x400A57B: render(double, double, std::vector<Object*, std::allocator<Object*> > const&, char*, Vec3 const&, Vec3 const&, Vec3 const&, double, int, int, int) [clone ._omp_fn.2] (in /home/Amine/Documents/Cours/PPN/ProjectM1PathTracing/build/render)
==105671==    by 0x48DA1B3: gomp_barrier_handle_tasks (task.c:1650)
==105671==    by 0x48E3D03: gomp_team_barrier_wait_end (bar.c:95)
==105671==    by 0x48E244B: gomp_team_end (team.c:957)
==105671==    by 0x400A096: render(double, double, std::vector<Object*, std::allocator<Object*> > const&, char*, Vec3 const&, Vec3 const&, Vec3 const&, double, int, int, int) [clone ._omp_fn.0] (in /home/Amine/Documents/Cours/PPN/ProjectM1PathTracing/build/render)
==105671==    by 0x48E0A36: gomp_thread_start (team.c:129)
==105671==    by 0x486909A: vgDrd_thread_wrapper (drd_pthread_intercepts.c:512)
==105671==    by 0x4D637EA: start_thread (pthread_create.c:448)
==105671==    by 0x4DE6FB3: clone (clone.S:100)
==105671== 
==105671== Conflicting load by thread 10 at 0x04013580 size 8
==105671==    at 0x400414C: std::uniform_real_distribution<double>::param_type::a() const (in /home/Amine/Documents/Cours/PPN/ProjectM1PathTracing/build/render)
==105671==    by 0x4004050: double std::uniform_real_distribution<double>::operator()<std::linear_congruential_engine<unsigned long, 16807ul, 0ul, 2147483647ul> >(std::linear_congruential_engine<unsigned long, 16807ul, 0ul, 2147483647ul>&, std::uniform_real_distribution<double>::param_type const&) (in /home/Amine/Documents/Cours/PPN/ProjectM1PathTracing/build/render)
==105671==    by 0x4003F48: double std::uniform_real_distribution<double>::operator()<std::linear_congruential_engine<unsigned long, 16807ul, 0ul, 2147483647ul> >(std::linear_congruential_engine<unsigned long, 16807ul, 0ul, 2147483647ul>&) (in /home/Amine/Documents/Cours/PPN/ProjectM1PathTracing/build/render)
==105671==    by 0x4003E38: randomDouble() (in /home/Amine/Documents/Cours/PPN/ProjectM1PathTracing/build/render)
==105671==    by 0x400A57B: render(double, double, std::vector<Object*, std::allocator<Object*> > const&, char*, Vec3 const&, Vec3 const&, Vec3 const&, double, int, int, int) [clone ._omp_fn.2] (in /home/Amine/Documents/Cours/PPN/ProjectM1PathTracing/build/render)
==105671==    by 0x48DA1B3: gomp_barrier_handle_tasks (task.c:1650)
==105671==    by 0x48E3D03: gomp_team_barrier_wait_end (bar.c:95)
==105671==    by 0x48E244B: gomp_team_end (team.c:957)
==105671==    by 0x400A096: render(double, double, std::vector<Object*, std::allocator<Object*> > const&, char*, Vec3 const&, Vec3 const&, Vec3 const&, double, int, int, int) [clone ._omp_fn.0] (in /home/Amine/Documents/Cours/PPN/ProjectM1PathTracing/build/render)
==105671==    by 0x48E0A36: gomp_thread_start (team.c:129)
==105671==    by 0x486909A: vgDrd_thread_wrapper (drd_pthread_intercepts.c:512)
==105671==    by 0x4D637EA: start_thread (pthread_create.c:448)
==105671== Allocation context: BSS section of /home/Amine/Documents/Cours/PPN/ProjectM1PathTracing/build/render
==105671== Other segment start (thread 13)
==105671==    at 0x48688C7: __cxa_guard_acquire_intercept (drd_libstdcxx_intercepts.c:75)
==105671==    by 0x48688C7: __cxa_guard_acquire (drd_libstdcxx_intercepts.c:86)
==105671==    by 0x4003D8E: randomDouble() (in /home/Amine/Documents/Cours/PPN/ProjectM1PathTracing/build/render)
==105671==    by 0x400A57B: render(double, double, std::vector<Object*, std::allocator<Object*> > const&, char*, Vec3 const&, Vec3 const&, Vec3 const&, double, int, int, int) [clone ._omp_fn.2] (in /home/Amine/Documents/Cours/PPN/ProjectM1PathTracing/build/render)
==105671==    by 0x48DA1B3: gomp_barrier_handle_tasks (task.c:1650)
==105671==    by 0x48E3D03: gomp_team_barrier_wait_end (bar.c:95)
==105671==    by 0x48E244B: gomp_team_end (team.c:957)
==105671==    by 0x400A096: render(double, double, std::vector<Object*, std::allocator<Object*> > const&, char*, Vec3 const&, Vec3 const&, Vec3 const&, double, int, int, int) [clone ._omp_fn.0] (in /home/Amine/Documents/Cours/PPN/ProjectM1PathTracing/build/render)
==105671==    by 0x48E0A36: gomp_thread_start (team.c:129)
==105671==    by 0x486909A: vgDrd_thread_wrapper (drd_pthread_intercepts.c:512)
==105671==    by 0x4D637EA: start_thread (pthread_create.c:448)
==105671==    by 0x4DE6FB3: clone (clone.S:100)
==105671== Other segment end (thread 13)
==105671==    at 0x4868C7E: __cxa_guard_abort_release_intercept (drd_libstdcxx_intercepts.c:97)
==105671==    by 0x4868C7E: __cxa_guard_release (drd_libstdcxx_intercepts.c:104)
==105671==    by 0x4003DD3: randomDouble() (in /home/Amine/Documents/Cours/PPN/ProjectM1PathTracing/build/render)
==105671==    by 0x400A57B: render(double, double, std::vector<Object*, std::allocator<Object*> > const&, char*, Vec3 const&, Vec3 const&, Vec3 const&, double, int, int, int) [clone ._omp_fn.2] (in /home/Amine/Documents/Cours/PPN/ProjectM1PathTracing/build/render)
==105671==    by 0x48DA1B3: gomp_barrier_handle_tasks (task.c:1650)
==105671==    by 0x48E3D03: gomp_team_barrier_wait_end (bar.c:95)
==105671==    by 0x48E244B: gomp_team_end (team.c:957)
==105671==    by 0x400A096: render(double, double, std::vector<Object*, std::allocator<Object*> > const&, char*, Vec3 const&, Vec3 const&, Vec3 const&, double, int, int, int) [clone ._omp_fn.0] (in /home/Amine/Documents/Cours/PPN/ProjectM1PathTracing/build/render)
==105671==    by 0x48E0A36: gomp_thread_start (team.c:129)
==105671==    by 0x486909A: vgDrd_thread_wrapper (drd_pthread_intercepts.c:512)
==105671==    by 0x4D637EA: start_thread (pthread_create.c:448)
==105671==    by 0x4DE6FB3: clone (clone.S:100)
==105671== 
==105671== Conflicting load by thread 10 at 0x04013580 size 8
==105671==    at 0x400414C: std::uniform_real_distribution<double>::param_type::a() const (in /home/Amine/Documents/Cours/PPN/ProjectM1PathTracing/build/render)
==105671==    by 0x400406F: double std::uniform_real_distribution<double>::operator()<std::linear_congruential_engine<unsigned long, 16807ul, 0ul, 2147483647ul> >(std::linear_congruential_engine<unsigned long, 16807ul, 0ul, 2147483647ul>&, std::uniform_real_distribution<double>::param_type const&) (in /home/Amine/Documents/Cours/PPN/ProjectM1PathTracing/build/render)
==105671==    by 0x4003F48: double std::uniform_real_distribution<double>::operator()<std::linear_congruential_engine<unsigned long, 16807ul, 0ul, 2147483647ul> >(std::linear_congruential_engine<unsigned long, 16807ul, 0ul, 2147483647ul>&) (in /home/Amine/Documents/Cours/PPN/ProjectM1PathTracing/build/render)
==105671==    by 0x4003E38: randomDouble() (in /home/Amine/Documents/Cours/PPN/ProjectM1PathTracing/build/render)
==105671==    by 0x400A57B: render(double, double, std::vector<Object*, std::allocator<Object*> > const&, char*, Vec3 const&, Vec3 const&, Vec3 const&, double, int, int, int) [clone ._omp_fn.2] (in /home/Amine/Documents/Cours/PPN/ProjectM1PathTracing/build/render)
==105671==    by 0x48DA1B3: gomp_barrier_handle_tasks (task.c:1650)
==105671==    by 0x48E3D03: gomp_team_barrier_wait_end (bar.c:95)
==105671==    by 0x48E244B: gomp_team_end (team.c:957)
==105671==    by 0x400A096: render(double, double, std::vector<Object*, std::allocator<Object*> > const&, char*, Vec3 const&, Vec3 const&, Vec3 const&, double, int, int, int) [clone ._omp_fn.0] (in /home/Amine/Documents/Cours/PPN/ProjectM1PathTracing/build/render)
==105671==    by 0x48E0A36: gomp_thread_start (team.c:129)
==105671==    by 0x486909A: vgDrd_thread_wrapper (drd_pthread_intercepts.c:512)
==105671==    by 0x4D637EA: start_thread (pthread_create.c:448)
==105671== Allocation context: BSS section of /home/Amine/Documents/Cours/PPN/ProjectM1PathTracing/build/render
==105671== Other segment start (thread 13)
==105671==    at 0x48688C7: __cxa_guard_acquire_intercept (drd_libstdcxx_intercepts.c:75)
==105671==    by 0x48688C7: __cxa_guard_acquire (drd_libstdcxx_intercepts.c:86)
==105671==    by 0x4003D8E: randomDouble() (in /home/Amine/Documents/Cours/PPN/ProjectM1PathTracing/build/render)
==105671==    by 0x400A57B: render(double, double, std::vector<Object*, std::allocator<Object*> > const&, char*, Vec3 const&, Vec3 const&, Vec3 const&, double, int, int, int) [clone ._omp_fn.2] (in /home/Amine/Documents/Cours/PPN/ProjectM1PathTracing/build/render)
==105671==    by 0x48DA1B3: gomp_barrier_handle_tasks (task.c:1650)
==105671==    by 0x48E3D03: gomp_team_barrier_wait_end (bar.c:95)
==105671==    by 0x48E244B: gomp_team_end (team.c:957)
==105671==    by 0x400A096: render(double, double, std::vector<Object*, std::allocator<Object*> > const&, char*, Vec3 const&, Vec3 const&, Vec3 const&, double, int, int, int) [clone ._omp_fn.0] (in /home/Amine/Documents/Cours/PPN/ProjectM1PathTracing/build/render)
==105671==    by 0x48E0A36: gomp_thread_start (team.c:129)
==105671==    by 0x486909A: vgDrd_thread_wrapper (drd_pthread_intercepts.c:512)
==105671==    by 0x4D637EA: start_thread (pthread_create.c:448)
==105671==    by 0x4DE6FB3: clone (clone.S:100)
==105671== Other segment end (thread 13)
==105671==    at 0x4868C7E: __cxa_guard_abort_release_intercept (drd_libstdcxx_intercepts.c:97)
==105671==    by 0x4868C7E: __cxa_guard_release (drd_libstdcxx_intercepts.c:104)
==105671==    by 0x4003DD3: randomDouble() (in /home/Amine/Documents/Cours/PPN/ProjectM1PathTracing/build/render)
==105671==    by 0x400A57B: render(double, double, std::vector<Object*, std::allocator<Object*> > const&, char*, Vec3 const&, Vec3 const&, Vec3 const&, double, int, int, int) [clone ._omp_fn.2] (in /home/Amine/Documents/Cours/PPN/ProjectM1PathTracing/build/render)
==105671==    by 0x48DA1B3: gomp_barrier_handle_tasks (task.c:1650)
==105671==    by 0x48E3D03: gomp_team_barrier_wait_end (bar.c:95)
==105671==    by 0x48E244B: gomp_team_end (team.c:957)
==105671==    by 0x400A096: render(double, double, std::vector<Object*, std::allocator<Object*> > const&, char*, Vec3 const&, Vec3 const&, Vec3 const&, double, int, int, int) [clone ._omp_fn.0] (in /home/Amine/Documents/Cours/PPN/ProjectM1PathTracing/build/render)
==105671==    by 0x48E0A36: gomp_thread_start (team.c:129)
==105671==    by 0x486909A: vgDrd_thread_wrapper (drd_pthread_intercepts.c:512)
==105671==    by 0x4D637EA: start_thread (pthread_create.c:448)
==105671==    by 0x4DE6FB3: clone (clone.S:100)
==105671== 
==105671== Conflicting store by thread 10 at 0x1ffefff260 size 8
==105671==    at 0x400A0A2: render(double, double, std::vector<Object*, std::allocator<Object*> > const&, char*, Vec3 const&, Vec3 const&, Vec3 const&, double, int, int, int) [clone ._omp_fn.0] (in /home/Amine/Documents/Cours/PPN/ProjectM1PathTracing/build/render)
==105671==    by 0x48E0A36: gomp_thread_start (team.c:129)
==105671==    by 0x486909A: vgDrd_thread_wrapper (drd_pthread_intercepts.c:512)
==105671==    by 0x4D637EA: start_thread (pthread_create.c:448)
==105671==    by 0x4DE6FB3: clone (clone.S:100)
==105671== Allocation context: unknown.
==105671== Other segment start (thread 13)
==105671==    at 0x4868C7E: __cxa_guard_abort_release_intercept (drd_libstdcxx_intercepts.c:97)
==105671==    by 0x4868C7E: __cxa_guard_release (drd_libstdcxx_intercepts.c:104)
==105671==    by 0x4003E1F: randomDouble() (in /home/Amine/Documents/Cours/PPN/ProjectM1PathTracing/build/render)
==105671==    by 0x400A57B: render(double, double, std::vector<Object*, std::allocator<Object*> > const&, char*, Vec3 const&, Vec3 const&, Vec3 const&, double, int, int, int) [clone ._omp_fn.2] (in /home/Amine/Documents/Cours/PPN/ProjectM1PathTracing/build/render)
==105671==    by 0x48DA1B3: gomp_barrier_handle_tasks (task.c:1650)
==105671==    by 0x48E3D03: gomp_team_barrier_wait_end (bar.c:95)
==105671==    by 0x48E244B: gomp_team_end (team.c:957)
==105671==    by 0x400A096: render(double, double, std::vector<Object*, std::allocator<Object*> > const&, char*, Vec3 const&, Vec3 const&, Vec3 const&, double, int, int, int) [clone ._omp_fn.0] (in /home/Amine/Documents/Cours/PPN/ProjectM1PathTracing/build/render)
==105671==    by 0x48E0A36: gomp_thread_start (team.c:129)
==105671==    by 0x486909A: vgDrd_thread_wrapper (drd_pthread_intercepts.c:512)
==105671==    by 0x4D637EA: start_thread (pthread_create.c:448)
==105671==    by 0x4DE6FB3: clone (clone.S:100)
==105671== Other segment end (thread 13)
==105671==    at 0x48E3A91: futex_wake (futex.h:111)
==105671==    by 0x48E3A91: gomp_barrier_wait_end (bar.c:43)
==105671==    by 0x48E3A91: gomp_barrier_wait_end (bar.c:35)
==105671==    by 0x48E25BD: gomp_team_end (team.c:988)
==105671==    by 0x400A096: render(double, double, std::vector<Object*, std::allocator<Object*> > const&, char*, Vec3 const&, Vec3 const&, Vec3 const&, double, int, int, int) [clone ._omp_fn.0] (in /home/Amine/Documents/Cours/PPN/ProjectM1PathTracing/build/render)
==105671==    by 0x48E0A36: gomp_thread_start (team.c:129)
==105671==    by 0x486909A: vgDrd_thread_wrapper (drd_pthread_intercepts.c:512)
==105671==    by 0x4D637EA: start_thread (pthread_create.c:448)
==105671==    by 0x4DE6FB3: clone (clone.S:100)
==105671== Other segment start (thread 13)
==105671==    at 0x4DE6FA6: clone (clone.S:83)
==105671==    by 0x4D634FF: ??? (allocatestack.c:588)
==105671==    by 0xB2CF6BF: ???
==105671== Other segment end (thread 13)
==105671==    at 0x48688C7: __cxa_guard_acquire_intercept (drd_libstdcxx_intercepts.c:75)
==105671==    by 0x48688C7: __cxa_guard_acquire (drd_libstdcxx_intercepts.c:86)
==105671==    by 0x4003D8E: randomDouble() (in /home/Amine/Documents/Cours/PPN/ProjectM1PathTracing/build/render)
==105671==    by 0x400A57B: render(double, double, std::vector<Object*, std::allocator<Object*> > const&, char*, Vec3 const&, Vec3 const&, Vec3 const&, double, int, int, int) [clone ._omp_fn.2] (in /home/Amine/Documents/Cours/PPN/ProjectM1PathTracing/build/render)
==105671==    by 0x48DA1B3: gomp_barrier_handle_tasks (task.c:1650)
==105671==    by 0x48E3D03: gomp_team_barrier_wait_end (bar.c:95)
==105671==    by 0x48E244B: gomp_team_end (team.c:957)
==105671==    by 0x400A096: render(double, double, std::vector<Object*, std::allocator<Object*> > const&, char*, Vec3 const&, Vec3 const&, Vec3 const&, double, int, int, int) [clone ._omp_fn.0] (in /home/Amine/Documents/Cours/PPN/ProjectM1PathTracing/build/render)
==105671==    by 0x48E0A36: gomp_thread_start (team.c:129)
==105671==    by 0x486909A: vgDrd_thread_wrapper (drd_pthread_intercepts.c:512)
==105671==    by 0x4D637EA: start_thread (pthread_create.c:448)
==105671==    by 0x4DE6FB3: clone (clone.S:100)
==105671== 
==105671== Thread 1:
==105671== Conflicting load by thread 1 at 0x1ffefff260 size 8
==105671==    at 0x400A058: render(double, double, std::vector<Object*, std::allocator<Object*> > const&, char*, Vec3 const&, Vec3 const&, Vec3 const&, double, int, int, int) [clone ._omp_fn.0] (in /home/Amine/Documents/Cours/PPN/ProjectM1PathTracing/build/render)
==105671==    by 0x48D69A8: GOMP_parallel (parallel.c:178)
==105671==    by 0x400853C: render(double, double, std::vector<Object*, std::allocator<Object*> > const&, char*, Vec3 const&, Vec3 const&, Vec3 const&, double, int, int, int) (in /home/Amine/Documents/Cours/PPN/ProjectM1PathTracing/build/render)
==105671==    by 0x4009C20: main (in /home/Amine/Documents/Cours/PPN/ProjectM1PathTracing/build/render)
==105671== Allocation context: unknown.
==105671== Other segment start (thread 2)
==105671==    at 0x4DE6FA6: clone (clone.S:83)
==105671==    by 0x4D634FF: ??? (allocatestack.c:588)
==105671==    by 0x5AC46BF: ???
==105671== Other segment end (thread 2)
==105671==    at 0x48E3A91: futex_wake (futex.h:111)
==105671==    by 0x48E3A91: gomp_barrier_wait_end (bar.c:43)
==105671==    by 0x48E3A91: gomp_barrier_wait_end (bar.c:35)
==105671==    by 0x48E25BD: gomp_team_end (team.c:988)
==105671==    by 0x400A096: render(double, double, std::vector<Object*, std::allocator<Object*> > const&, char*, Vec3 const&, Vec3 const&, Vec3 const&, double, int, int, int) [clone ._omp_fn.0] (in /home/Amine/Documents/Cours/PPN/ProjectM1PathTracing/build/render)
==105671==    by 0x48E0A36: gomp_thread_start (team.c:129)
==105671==    by 0x486909A: vgDrd_thread_wrapper (drd_pthread_intercepts.c:512)
==105671==    by 0x4D637EA: start_thread (pthread_create.c:448)
==105671==    by 0x4DE6FB3: clone (clone.S:100)
==105671== Other segment start (thread 3)
==105671==    at 0x4DE6FA6: clone (clone.S:83)
==105671==    by 0x4D634FF: ??? (allocatestack.c:588)
==105671==    by 0x62C56BF: ???
==105671== Other segment end (thread 3)
==105671==    at 0x48E3B41: futex_wake (futex.h:111)
==105671==    by 0x48E3B41: gomp_team_barrier_wake (bar.c:77)
==105671==    by 0x48DA42F: gomp_barrier_handle_tasks (task.c:1605)
==105671==    by 0x48E3D03: gomp_team_barrier_wait_end (bar.c:95)
==105671==    by 0x48E244B: gomp_team_end (team.c:957)
==105671==    by 0x400A096: render(double, double, std::vector<Object*, std::allocator<Object*> > const&, char*, Vec3 const&, Vec3 const&, Vec3 const&, double, int, int, int) [clone ._omp_fn.0] (in /home/Amine/Documents/Cours/PPN/ProjectM1PathTracing/build/render)
==105671==    by 0x48E0A36: gomp_thread_start (team.c:129)
==105671==    by 0x486909A: vgDrd_thread_wrapper (drd_pthread_intercepts.c:512)
==105671==    by 0x4D637EA: start_thread (pthread_create.c:448)
==105671==    by 0x4DE6FB3: clone (clone.S:100)
==105671== Other segment start (thread 10)
==105671==    at 0x4DE6FA6: clone (clone.S:83)
==105671==    by 0x4D634FF: ??? (allocatestack.c:588)
==105671==    by 0x9ACC6BF: ???
==105671== Other segment end (thread 10)
==105671==    at 0x48E3A91: futex_wake (futex.h:111)
==105671==    by 0x48E3A91: gomp_barrier_wait_end (bar.c:43)
==105671==    by 0x48E3A91: gomp_barrier_wait_end (bar.c:35)
==105671==    by 0x48E25BD: gomp_team_end (team.c:988)
==105671==    by 0x400A096: render(double, double, std::vector<Object*, std::allocator<Object*> > const&, char*, Vec3 const&, Vec3 const&, Vec3 const&, double, int, int, int) [clone ._omp_fn.0] (in /home/Amine/Documents/Cours/PPN/ProjectM1PathTracing/build/render)
==105671==    by 0x48E0A36: gomp_thread_start (team.c:129)
==105671==    by 0x486909A: vgDrd_thread_wrapper (drd_pthread_intercepts.c:512)
==105671==    by 0x4D637EA: start_thread (pthread_create.c:448)
==105671==    by 0x4DE6FB3: clone (clone.S:100)
==105671== Other segment start (thread 13)
==105671==    at 0x4868C7E: __cxa_guard_abort_release_intercept (drd_libstdcxx_intercepts.c:97)
==105671==    by 0x4868C7E: __cxa_guard_release (drd_libstdcxx_intercepts.c:104)
==105671==    by 0x4003E1F: randomDouble() (in /home/Amine/Documents/Cours/PPN/ProjectM1PathTracing/build/render)
==105671==    by 0x400A57B: render(double, double, std::vector<Object*, std::allocator<Object*> > const&, char*, Vec3 const&, Vec3 const&, Vec3 const&, double, int, int, int) [clone ._omp_fn.2] (in /home/Amine/Documents/Cours/PPN/ProjectM1PathTracing/build/render)
==105671==    by 0x48DA1B3: gomp_barrier_handle_tasks (task.c:1650)
==105671==    by 0x48E3D03: gomp_team_barrier_wait_end (bar.c:95)
==105671==    by 0x48E244B: gomp_team_end (team.c:957)
==105671==    by 0x400A096: render(double, double, std::vector<Object*, std::allocator<Object*> > const&, char*, Vec3 const&, Vec3 const&, Vec3 const&, double, int, int, int) [clone ._omp_fn.0] (in /home/Amine/Documents/Cours/PPN/ProjectM1PathTracing/build/render)
==105671==    by 0x48E0A36: gomp_thread_start (team.c:129)
==105671==    by 0x486909A: vgDrd_thread_wrapper (drd_pthread_intercepts.c:512)
==105671==    by 0x4D637EA: start_thread (pthread_create.c:448)
==105671==    by 0x4DE6FB3: clone (clone.S:100)
==105671== Other segment end (thread 13)
==105671==    at 0x48E3A91: futex_wake (futex.h:111)
==105671==    by 0x48E3A91: gomp_barrier_wait_end (bar.c:43)
==105671==    by 0x48E3A91: gomp_barrier_wait_end (bar.c:35)
==105671==    by 0x48E25BD: gomp_team_end (team.c:988)
==105671==    by 0x400A096: render(double, double, std::vector<Object*, std::allocator<Object*> > const&, char*, Vec3 const&, Vec3 const&, Vec3 const&, double, int, int, int) [clone ._omp_fn.0] (in /home/Amine/Documents/Cours/PPN/ProjectM1PathTracing/build/render)
==105671==    by 0x48E0A36: gomp_thread_start (team.c:129)
==105671==    by 0x486909A: vgDrd_thread_wrapper (drd_pthread_intercepts.c:512)
==105671==    by 0x4D637EA: start_thread (pthread_create.c:448)
==105671==    by 0x4DE6FB3: clone (clone.S:100)
==105671== 
==105671== Conflicting store by thread 1 at 0x1ffefff260 size 8
==105671==    at 0x400A0A2: render(double, double, std::vector<Object*, std::allocator<Object*> > const&, char*, Vec3 const&, Vec3 const&, Vec3 const&, double, int, int, int) [clone ._omp_fn.0] (in /home/Amine/Documents/Cours/PPN/ProjectM1PathTracing/build/render)
==105671==    by 0x48D69A8: GOMP_parallel (parallel.c:178)
==105671==    by 0x400853C: render(double, double, std::vector<Object*, std::allocator<Object*> > const&, char*, Vec3 const&, Vec3 const&, Vec3 const&, double, int, int, int) (in /home/Amine/Documents/Cours/PPN/ProjectM1PathTracing/build/render)
==105671==    by 0x4009C20: main (in /home/Amine/Documents/Cours/PPN/ProjectM1PathTracing/build/render)
==105671== Allocation context: unknown.
==105671== Other segment start (thread 2)
==105671==    at 0x4DE6FA6: clone (clone.S:83)
==105671==    by 0x4D634FF: ??? (allocatestack.c:588)
==105671==    by 0x5AC46BF: ???
==105671== Other segment end (thread 2)
==105671==    at 0x48E3A91: futex_wake (futex.h:111)
==105671==    by 0x48E3A91: gomp_barrier_wait_end (bar.c:43)
==105671==    by 0x48E3A91: gomp_barrier_wait_end (bar.c:35)
==105671==    by 0x48E25BD: gomp_team_end (team.c:988)
==105671==    by 0x400A096: render(double, double, std::vector<Object*, std::allocator<Object*> > const&, char*, Vec3 const&, Vec3 const&, Vec3 const&, double, int, int, int) [clone ._omp_fn.0] (in /home/Amine/Documents/Cours/PPN/ProjectM1PathTracing/build/render)
==105671==    by 0x48E0A36: gomp_thread_start (team.c:129)
==105671==    by 0x486909A: vgDrd_thread_wrapper (drd_pthread_intercepts.c:512)
==105671==    by 0x4D637EA: start_thread (pthread_create.c:448)
==105671==    by 0x4DE6FB3: clone (clone.S:100)
==105671== Other segment start (thread 3)
==105671==    at 0x4DE6FA6: clone (clone.S:83)
==105671==    by 0x4D634FF: ??? (allocatestack.c:588)
==105671==    by 0x62C56BF: ???
==105671== Other segment end (thread 3)
==105671==    at 0x48E3B41: futex_wake (futex.h:111)
==105671==    by 0x48E3B41: gomp_team_barrier_wake (bar.c:77)
==105671==    by 0x48DA42F: gomp_barrier_handle_tasks (task.c:1605)
==105671==    by 0x48E3D03: gomp_team_barrier_wait_end (bar.c:95)
==105671==    by 0x48E244B: gomp_team_end (team.c:957)
==105671==    by 0x400A096: render(double, double, std::vector<Object*, std::allocator<Object*> > const&, char*, Vec3 const&, Vec3 const&, Vec3 const&, double, int, int, int) [clone ._omp_fn.0] (in /home/Amine/Documents/Cours/PPN/ProjectM1PathTracing/build/render)
==105671==    by 0x48E0A36: gomp_thread_start (team.c:129)
==105671==    by 0x486909A: vgDrd_thread_wrapper (drd_pthread_intercepts.c:512)
==105671==    by 0x4D637EA: start_thread (pthread_create.c:448)
==105671==    by 0x4DE6FB3: clone (clone.S:100)
==105671== Other segment start (thread 10)
==105671==    at 0x4DE6FA6: clone (clone.S:83)
==105671==    by 0x4D634FF: ??? (allocatestack.c:588)
==105671==    by 0x9ACC6BF: ???
==105671== Other segment end (thread 10)
==105671==    at 0x48E3A91: futex_wake (futex.h:111)
==105671==    by 0x48E3A91: gomp_barrier_wait_end (bar.c:43)
==105671==    by 0x48E3A91: gomp_barrier_wait_end (bar.c:35)
==105671==    by 0x48E25BD: gomp_team_end (team.c:988)
==105671==    by 0x400A096: render(double, double, std::vector<Object*, std::allocator<Object*> > const&, char*, Vec3 const&, Vec3 const&, Vec3 const&, double, int, int, int) [clone ._omp_fn.0] (in /home/Amine/Documents/Cours/PPN/ProjectM1PathTracing/build/render)
==105671==    by 0x48E0A36: gomp_thread_start (team.c:129)
==105671==    by 0x486909A: vgDrd_thread_wrapper (drd_pthread_intercepts.c:512)
==105671==    by 0x4D637EA: start_thread (pthread_create.c:448)
==105671==    by 0x4DE6FB3: clone (clone.S:100)
==105671== Other segment start (thread 11)
==105671==    at 0x4DE6FA6: clone (clone.S:83)
==105671==    by 0x4D634FF: ??? (allocatestack.c:588)
==105671==    by 0xA2CD6BF: ???
==105671== Other segment end (thread 11)
==105671==    at 0x48E3A91: futex_wake (futex.h:111)
==105671==    by 0x48E3A91: gomp_barrier_wait_end (bar.c:43)
==105671==    by 0x48E3A91: gomp_barrier_wait_end (bar.c:35)
==105671==    by 0x48E25BD: gomp_team_end (team.c:988)
==105671==    by 0x400A096: render(double, double, std::vector<Object*, std::allocator<Object*> > const&, char*, Vec3 const&, Vec3 const&, Vec3 const&, double, int, int, int) [clone ._omp_fn.0] (in /home/Amine/Documents/Cours/PPN/ProjectM1PathTracing/build/render)
==105671==    by 0x48E0A36: gomp_thread_start (team.c:129)
==105671==    by 0x486909A: vgDrd_thread_wrapper (drd_pthread_intercepts.c:512)
==105671==    by 0x4D637EA: start_thread (pthread_create.c:448)
==105671==    by 0x4DE6FB3: clone (clone.S:100)
==105671== Other segment start (thread 13)
==105671==    at 0x4868C7E: __cxa_guard_abort_release_intercept (drd_libstdcxx_intercepts.c:97)
==105671==    by 0x4868C7E: __cxa_guard_release (drd_libstdcxx_intercepts.c:104)
==105671==    by 0x4003E1F: randomDouble() (in /home/Amine/Documents/Cours/PPN/ProjectM1PathTracing/build/render)
==105671==    by 0x400A57B: render(double, double, std::vector<Object*, std::allocator<Object*> > const&, char*, Vec3 const&, Vec3 const&, Vec3 const&, double, int, int, int) [clone ._omp_fn.2] (in /home/Amine/Documents/Cours/PPN/ProjectM1PathTracing/build/render)
==105671==    by 0x48DA1B3: gomp_barrier_handle_tasks (task.c:1650)
==105671==    by 0x48E3D03: gomp_team_barrier_wait_end (bar.c:95)
==105671==    by 0x48E244B: gomp_team_end (team.c:957)
==105671==    by 0x400A096: render(double, double, std::vector<Object*, std::allocator<Object*> > const&, char*, Vec3 const&, Vec3 const&, Vec3 const&, double, int, int, int) [clone ._omp_fn.0] (in /home/Amine/Documents/Cours/PPN/ProjectM1PathTracing/build/render)
==105671==    by 0x48E0A36: gomp_thread_start (team.c:129)
==105671==    by 0x486909A: vgDrd_thread_wrapper (drd_pthread_intercepts.c:512)
==105671==    by 0x4D637EA: start_thread (pthread_create.c:448)
==105671==    by 0x4DE6FB3: clone (clone.S:100)
==105671== Other segment end (thread 13)
==105671==    at 0x48E3A91: futex_wake (futex.h:111)
==105671==    by 0x48E3A91: gomp_barrier_wait_end (bar.c:43)
==105671==    by 0x48E3A91: gomp_barrier_wait_end (bar.c:35)
==105671==    by 0x48E25BD: gomp_team_end (team.c:988)
==105671==    by 0x400A096: render(double, double, std::vector<Object*, std::allocator<Object*> > const&, char*, Vec3 const&, Vec3 const&, Vec3 const&, double, int, int, int) [clone ._omp_fn.0] (in /home/Amine/Documents/Cours/PPN/ProjectM1PathTracing/build/render)
==105671==    by 0x48E0A36: gomp_thread_start (team.c:129)
==105671==    by 0x486909A: vgDrd_thread_wrapper (drd_pthread_intercepts.c:512)
==105671==    by 0x4D637EA: start_thread (pthread_create.c:448)
==105671==    by 0x4DE6FB3: clone (clone.S:100)
==105671== Other segment start (thread 13)
==105671==    at 0x4DE6FA6: clone (clone.S:83)
==105671==    by 0x4D634FF: ??? (allocatestack.c:588)
==105671==    by 0xB2CF6BF: ???
==105671== Other segment end (thread 13)
==105671==    at 0x48688C7: __cxa_guard_acquire_intercept (drd_libstdcxx_intercepts.c:75)
==105671==    by 0x48688C7: __cxa_guard_acquire (drd_libstdcxx_intercepts.c:86)
==105671==    by 0x4003D8E: randomDouble() (in /home/Amine/Documents/Cours/PPN/ProjectM1PathTracing/build/render)
==105671==    by 0x400A57B: render(double, double, std::vector<Object*, std::allocator<Object*> > const&, char*, Vec3 const&, Vec3 const&, Vec3 const&, double, int, int, int) [clone ._omp_fn.2] (in /home/Amine/Documents/Cours/PPN/ProjectM1PathTracing/build/render)
==105671==    by 0x48DA1B3: gomp_barrier_handle_tasks (task.c:1650)
==105671==    by 0x48E3D03: gomp_team_barrier_wait_end (bar.c:95)
==105671==    by 0x48E244B: gomp_team_end (team.c:957)
==105671==    by 0x400A096: render(double, double, std::vector<Object*, std::allocator<Object*> > const&, char*, Vec3 const&, Vec3 const&, Vec3 const&, double, int, int, int) [clone ._omp_fn.0] (in /home/Amine/Documents/Cours/PPN/ProjectM1PathTracing/build/render)
==105671==    by 0x48E0A36: gomp_thread_start (team.c:129)
==105671==    by 0x486909A: vgDrd_thread_wrapper (drd_pthread_intercepts.c:512)
==105671==    by 0x4D637EA: start_thread (pthread_create.c:448)
==105671==    by 0x4DE6FB3: clone (clone.S:100)
==105671== 
==105671== 
==105671== Process terminating with default action of signal 2 (SIGINT)
==105671==    at 0x4004C14: Lambertian::scatter(Ray const&, HitInfo const&, Vec3&, Ray&) const (in /home/Amine/Documents/Cours/PPN/ProjectM1PathTracing/build/render)
==105671==    by 0x4008316: calculateColor(Ray const&, std::vector<Object*, std::allocator<Object*> > const&, int) (in /home/Amine/Documents/Cours/PPN/ProjectM1PathTracing/build/render)
==105671==    by 0x400A617: render(double, double, std::vector<Object*, std::allocator<Object*> > const&, char*, Vec3 const&, Vec3 const&, Vec3 const&, double, int, int, int) [clone ._omp_fn.2] (in /home/Amine/Documents/Cours/PPN/ProjectM1PathTracing/build/render)
==105671==    by 0x48DA1B3: gomp_barrier_handle_tasks (task.c:1650)
==105671==    by 0x48E3D03: gomp_team_barrier_wait_end (bar.c:95)
==105671==    by 0x48E244B: gomp_team_end (team.c:957)
==105671==    by 0x400A096: render(double, double, std::vector<Object*, std::allocator<Object*> > const&, char*, Vec3 const&, Vec3 const&, Vec3 const&, double, int, int, int) [clone ._omp_fn.0] (in /home/Amine/Documents/Cours/PPN/ProjectM1PathTracing/build/render)
==105671==    by 0x48E0A36: gomp_thread_start (team.c:129)
==105671==    by 0x486909A: vgDrd_thread_wrapper (drd_pthread_intercepts.c:512)
==105671==    by 0x4D637EA: start_thread (pthread_create.c:448)
==105671==    by 0x4DE6FB3: clone (clone.S:100)
==105671== 
==105671== For lists of detected and suppressed errors, rerun with: -s
==105671== ERROR SUMMARY: 2819653 errors from 10 contexts (suppressed: 13847 from 27)
